<?xml version="1.0" encoding="UTF-8"?>
<robot generator="Robot 5.0.1 (Python 3.10.4 on win32)" generated="20220605 13:49:23.610" rpa="false" schemaversion="3">
<suite id="s1" name="Robot Openpyxl" source="D:\Advance_Robot_Python\Robot Framework_4_openpyxl_Excel\robot_openpyxl.robot">
<test id="s1-t1" name="Test Load Data Excel" line="10">
<kw name="Load Workbook" library="openpyxl">
<var>${wb}</var>
<arg>D:\\Advance_Robot_Python\\Robot Framework_4_openpyxl_Excel/${excel}</arg>
<doc>Open the given filename and return the workbook</doc>
<msg timestamp="20220605 13:49:23.834" level="INFO">${wb} = &lt;openpyxl.workbook.workbook.Workbook object at 0x00000207E36FAA10&gt;</msg>
<status status="PASS" starttime="20220605 13:49:23.826" endtime="20220605 13:49:23.834"/>
</kw>
<kw name="Set Variable" library="BuiltIn">
<var>${ws}</var>
<arg>${wb.get_sheet_by_name('Sheet1')}</arg>
<doc>Returns the given values which can then be assigned to a variables.</doc>
<msg timestamp="20220605 13:49:23.835" level="INFO">${ws} = &lt;Worksheet "Sheet1"&gt;</msg>
<status status="PASS" starttime="20220605 13:49:23.835" endtime="20220605 13:49:23.835"/>
</kw>
<kw name="Set Variable" library="BuiltIn">
<var>${cell}</var>
<arg>${ws.cell(2,1).value}</arg>
<doc>Returns the given values which can then be assigned to a variables.</doc>
<msg timestamp="20220605 13:49:23.836" level="INFO">${cell} = {
 "processDefinitionKey":"modelTeamSeq1",
 "initiator":"admin"
}</msg>
<status status="PASS" starttime="20220605 13:49:23.836" endtime="20220605 13:49:23.836"/>
</kw>
<kw name="Fetch From Right" library="String">
<var>${body}</var>
<arg>${cell}</arg>
<arg>{}</arg>
<doc>Returns contents of the ``string`` after the last occurrence of ``marker``.</doc>
<msg timestamp="20220605 13:49:23.837" level="INFO">${body} = {
 "processDefinitionKey":"modelTeamSeq1",
 "initiator":"admin"
}</msg>
<status status="PASS" starttime="20220605 13:49:23.837" endtime="20220605 13:49:23.837"/>
</kw>
<kw name="Log To Console" library="BuiltIn">
<arg>\n\n${body}\n</arg>
<doc>Logs the given message to the console.</doc>
<status status="PASS" starttime="20220605 13:49:23.838" endtime="20220605 13:49:23.839"/>
</kw>
<status status="PASS" starttime="20220605 13:49:23.825" endtime="20220605 13:49:23.839"/>
</test>
<status status="PASS" starttime="20220605 13:49:23.611" endtime="20220605 13:49:23.841"/>
</suite>
<statistics>
<total>
<stat pass="1" fail="0" skip="0">All Tests</stat>
</total>
<tag>
</tag>
<suite>
<stat pass="1" fail="0" skip="0" id="s1" name="Robot Openpyxl">Robot Openpyxl</stat>
</suite>
</statistics>
<errors>
</errors>
</robot>
